<?xml version="1.0" encoding="UTF-8"?>
<!-- Generated by org.testng.reporters.JUnitXMLReporter -->
<testsuite hostname="DESKTOP-NJUVG1C" ignored="3" name="Default test" tests="2" failures="0" timestamp="22 Jul 2020 11:44:23 GMT" time="112.892" errors="0">
  <testcase name="clickOnNewContactSave" time="16.634" classname="com.crm.qa.testcase.ContactsPageTest"/>
  <testcase name="clickOnNewContactSave" time="14.782" classname="com.crm.qa.testcase.ContactsPageTest"/>
  <testcase name="verifyContactsPageLabel" time="0.0" classname="com.crm.qa.testcase.ContactsPageTest">
    <ignored/>
  </testcase> <!-- verifyContactsPageLabel -->
  <testcase name="clickOnNewContact" time="0.0" classname="com.crm.qa.testcase.ContactsPageTest">
    <ignored/>
  </testcase> <!-- clickOnNewContact -->
  <testcase name="selectContactsLabel" time="0.0" classname="com.crm.qa.testcase.ContactsPageTest">
    <ignored/>
  </testcase> <!-- selectContactsLabel -->
</testsuite> <!-- Default test -->
